La génération a démarré 2015-11-16 17:00:12.
     1>Projet "C:\Users\Administrateur\documents\visual studio 2013\Projects\QTCyberSerpent\QTCyberSerpent\QTCyberSerpent.vcxproj" sur le nœud 2 (Build cible(s)).
     1>C:\Program Files (x86)\MSBuild\Microsoft.Cpp\v4.0\V120\Microsoft.CppBuild.targets(935,5): warning MSB8027: Two or more files with the name of moc_GUIUpdater.cpp will produce outputs to the same location. This can lead to an incorrect build result.  The files involved are GeneratedFiles\Debug\moc_GUIUpdater.cpp, GeneratedFiles\Release\moc_GUIUpdater.cpp.
     1>C:\Program Files (x86)\MSBuild\Microsoft.Cpp\v4.0\V120\Microsoft.CppBuild.targets(935,5): warning MSB8027: Two or more files with the name of moc_qtcyberserpent.cpp will produce outputs to the same location. This can lead to an incorrect build result.  The files involved are GeneratedFiles\Debug\moc_qtcyberserpent.cpp, GeneratedFiles\Release\moc_qtcyberserpent.cpp.
     1>ClCompile:
         C:\Program Files (x86)\Microsoft Visual Studio 12.0\VC\bin\CL.exe /c /I.\GeneratedFiles /I. /IC:\Qt\Qt5.5.032Bits\5.5\msvc2013\include /I.\GeneratedFiles\Debug /IC:\Qt\Qt5.5.032Bits\5.5\msvc2013\include\QtCore /IC:\Qt\Qt5.5.032Bits\5.5\msvc2013\include\QtGui /IC:\Qt\Qt5.5.032Bits\5.5\msvc2013\include\QtWidgets /Ic:\opencv\build\x86\vc12\\..\..\include /Zi /nologo /W1 /WX- /Od /Oy- /D UNICODE /D WIN32 /D WIN64 /D QT_DLL /D QT_CORE_LIB /D QT_GUI_LIB /D QT_WIDGETS_LIB /Gm- /EHsc /MDd /GS /fp:precise /Zc:wchar_t /Zc:forScope /Fo"Debug\\" /Fd"Debug\vc120.pdb" /Gd /TP /analyze- /errorReport:prompt CyberSerpent.cpp Gameplay.cpp main.cpp qtcyberserpent.cpp VideoAnalyzer.cpp
         CyberSerpent.cpp
         Gameplay.cpp
         main.cpp
         qtcyberserpent.cpp
         VideoAnalyzer.cpp
         Génération de code en cours...
       Link:
         C:\Program Files (x86)\Microsoft Visual Studio 12.0\VC\bin\link.exe /ERRORREPORT:PROMPT /OUT:"C:\Users\Administrateur\documents\visual studio 2013\Projects\QTCyberSerpent\Win32\Debug\\QTCyberSerpent.exe" /NOLOGO /LIBPATH:C:\Qt\Qt5.5.032Bits\5.5\msvc2013\lib /LIBPATH:c:\opencv\build\x86\vc12\\lib opencv_ts300d.lib opencv_world300d.lib qtmaind.lib Qt5Cored.lib Qt5Guid.lib Qt5Widgetsd.lib kernel32.lib user32.lib gdi32.lib winspool.lib comdlg32.lib advapi32.lib shell32.lib ole32.lib oleaut32.lib uuid.lib odbc32.lib odbccp32.lib /MANIFEST /MANIFESTUAC:"level='asInvoker' uiAccess='false'" /manifest:embed /DEBUG /PDB:"C:\Users\Administrateur\documents\visual studio 2013\Projects\QTCyberSerpent\Win32\Debug\QTCyberSerpent.pdb" /SUBSYSTEM:WINDOWS /TLBID:1 /DYNAMICBASE /NXCOMPAT /IMPLIB:"C:\Users\Administrateur\documents\visual studio 2013\Projects\QTCyberSerpent\Win32\Debug\QTCyberSerpent.lib" /MACHINE:X86 /SAFESEH Debug\Collision.obj
         Debug\ControleIRobot.obj
         Debug\CyberSerpent.obj
         Debug\Gameplay.obj
         Debug\moc_GUIUpdater.obj
         Debug\moc_qtcyberserpent.obj
         Debug\qrc_qtcyberserpent.obj
         Debug\GUIUpdater.obj
         Debug\IRobotDriver.obj
         Debug\main.obj
         Debug\qtcyberserpent.obj
         Debug\VideoAnalyzer.obj
         QTCyberSerpent.vcxproj -> C:\Users\Administrateur\documents\visual studio 2013\Projects\QTCyberSerpent\Win32\Debug\QTCyberSerpent.exe
     1>Génération du projet "C:\Users\Administrateur\documents\visual studio 2013\Projects\QTCyberSerpent\QTCyberSerpent\QTCyberSerpent.vcxproj" terminée (Build cible(s)).

La génération a réussi.

Temps écoulé 00:00:10.26
