c:\users\administrateur\documents\visual studio 2013\projects\qtcyberserpent\qtcyberserpent\debug\vc120.pdb
c:\users\administrateur\documents\visual studio 2013\projects\qtcyberserpent\qtcyberserpent\debug\videoanalyzer.obj
c:\users\administrateur\documents\visual studio 2013\projects\qtcyberserpent\qtcyberserpent\debug\main.obj
c:\users\administrateur\documents\visual studio 2013\projects\qtcyberserpent\qtcyberserpent\debug\irobotdriver.obj
c:\users\administrateur\documents\visual studio 2013\projects\qtcyberserpent\qtcyberserpent\debug\moc_qtcyberserpent.obj
c:\users\administrateur\documents\visual studio 2013\projects\qtcyberserpent\qtcyberserpent\debug\gameplay.obj
c:\users\administrateur\documents\visual studio 2013\projects\qtcyberserpent\qtcyberserpent\debug\cyberserpent.obj
c:\users\administrateur\documents\visual studio 2013\projects\qtcyberserpent\qtcyberserpent\debug\qtcyberserpent.obj
c:\users\administrateur\documents\visual studio 2013\projects\qtcyberserpent\qtcyberserpent\debug\qrc_qtcyberserpent.obj
c:\users\administrateur\documents\visual studio 2013\projects\qtcyberserpent\qtcyberserpent\generatedfiles\ui_qtcyberserpent.h
c:\users\administrateur\documents\visual studio 2013\projects\qtcyberserpent\qtcyberserpent\generatedfiles\qrc_qtcyberserpent.cpp
c:\users\administrateur\documents\visual studio 2013\projects\qtcyberserpent\qtcyberserpent\generatedfiles\debug\moc_qtcyberserpent.cpp
c:\users\administrateur\documents\visual studio 2013\projects\qtcyberserpent\win32\debug\qtcyberserpent.ilk
c:\users\administrateur\documents\visual studio 2013\projects\qtcyberserpent\win32\debug\qtcyberserpent.exe
c:\users\administrateur\documents\visual studio 2013\projects\qtcyberserpent\win32\debug\qtcyberserpent.pdb
c:\users\administrateur\documents\visual studio 2013\projects\qtcyberserpent\qtcyberserpent\debug\qtcyberserpent.tlog\cl.command.1.tlog
c:\users\administrateur\documents\visual studio 2013\projects\qtcyberserpent\qtcyberserpent\debug\qtcyberserpent.tlog\cl.read.1.tlog
c:\users\administrateur\documents\visual studio 2013\projects\qtcyberserpent\qtcyberserpent\debug\qtcyberserpent.tlog\cl.write.1.tlog
c:\users\administrateur\documents\visual studio 2013\projects\qtcyberserpent\qtcyberserpent\debug\qtcyberserpent.tlog\custombuild.command.1.tlog
c:\users\administrateur\documents\visual studio 2013\projects\qtcyberserpent\qtcyberserpent\debug\qtcyberserpent.tlog\custombuild.read.1.tlog
c:\users\administrateur\documents\visual studio 2013\projects\qtcyberserpent\qtcyberserpent\debug\qtcyberserpent.tlog\custombuild.write.1.tlog
c:\users\administrateur\documents\visual studio 2013\projects\qtcyberserpent\qtcyberserpent\debug\qtcyberserpent.tlog\link.command.1.tlog
c:\users\administrateur\documents\visual studio 2013\projects\qtcyberserpent\qtcyberserpent\debug\qtcyberserpent.tlog\link.read.1.tlog
c:\users\administrateur\documents\visual studio 2013\projects\qtcyberserpent\qtcyberserpent\debug\qtcyberserpent.tlog\link.write.1.tlog
